d:\work\c++\cudaexamples\cudaopenglvisualization\x64\debug\vc142.pdb
d:\work\c++\cudaexamples\cudaopenglvisualization\x64\debug\vc142.idb
d:\work\c++\cudaexamples\cudaopenglvisualization\x64\debug\mandelbrot _cpu.obj
d:\work\c++\cudaexamples\cudaopenglvisualization\x64\debug\application.obj
d:\work\c++\cudaexamples\x64\debug\cudaopenglvisualization.lib
d:\work\c++\cudaexamples\x64\debug\cudaopenglvisualization.exp
d:\work\c++\cudaexamples\x64\debug\cudaopenglvisualization.exe
d:\work\c++\cudaexamples\x64\debug\cudaopenglvisualization.ilk
d:\work\c++\cudaexamples\x64\debug\cudaopenglvisualization.pdb
d:\work\c++\cudaexamples\cudaopenglvisualization\x64\debug\kernel.cu.cache
d:\work\c++\cudaexamples\cudaopenglvisualization\x64\debug\mandelbrot_gpu.cu.cache
d:\work\c++\cudaexamples\cudaopenglvisualization\x64\debug\kernel.cu.obj
d:\work\c++\cudaexamples\cudaopenglvisualization\x64\debug\mandelbrot_gpu.cu.obj
d:\work\c++\cudaexamples\cudaopenglvisualization\x64\debug\cudaopen.6463d58e.tlog\cl.command.1.tlog
d:\work\c++\cudaexamples\cudaopenglvisualization\x64\debug\cudaopen.6463d58e.tlog\cl.read.1.tlog
d:\work\c++\cudaexamples\cudaopenglvisualization\x64\debug\cudaopen.6463d58e.tlog\cl.write.1.tlog
d:\work\c++\cudaexamples\cudaopenglvisualization\x64\debug\cudaopen.6463d58e.tlog\cudacompile.read.1u.tlog
d:\work\c++\cudaexamples\cudaopenglvisualization\x64\debug\cudaopen.6463d58e.tlog\cudacompile.write.1u.tlog
d:\work\c++\cudaexamples\cudaopenglvisualization\x64\debug\cudaopen.6463d58e.tlog\cudaopenglvisualization.write.1u.tlog
d:\work\c++\cudaexamples\cudaopenglvisualization\x64\debug\cudaopen.6463d58e.tlog\link.command.1.tlog
d:\work\c++\cudaexamples\cudaopenglvisualization\x64\debug\cudaopen.6463d58e.tlog\link.read.1.tlog
d:\work\c++\cudaexamples\cudaopenglvisualization\x64\debug\cudaopen.6463d58e.tlog\link.write.1.tlog
